<?xml version="1.0" encoding="UTF-8"?>
<!-- Generated by org.testng.reporters.JUnitReportReporter -->
<testsuite hostname="ISILLT10051" failures="0" tests="6" name="MyStrore.Test.loginTest" time="105.446" errors="0" timestamp="2020-12-07T14:50:11 IST" skipped="0">
  <testcase classname="MyStrore.Test.loginTest" name="testlogin" time="49.113"/>
  <system-out/>
  <testcase classname="MyStrore.Test.loginTest" name="homepagescreen" time="6.134"/>
  <system-out/>
  <testcase classname="MyStrore.Test.loginTest" name="addingitem" time="17.986"/>
  <system-out/>
  <testcase classname="MyStrore.Test.loginTest" name="ordercheckoutpage" time="7.434"/>
  <system-out/>
  <testcase classname="MyStrore.Test.loginTest" name="checkboxandaddress" time="19.761"/>
  <system-out/>
  <testcase classname="MyStrore.Test.loginTest" name="womenstab" time="5.018"/>
  <system-out/>
</testsuite> <!-- MyStrore.Test.loginTest -->
